<?xml version="1.0" encoding="UTF-8"?>
<!-- Generated by org.testng.reporters.JUnitReportReporter -->
<testsuite hostname="DESKTOP-ET2RT9G" failures="0" tests="1" name="com.todos.tests.AddToDOTest" time="22.376" errors="0" timestamp="7 Aug 2022 18:12:15 GMT">
  <testcase classname="com.todos.tests.AddToDOTest" name="iCanAddTodo" time="22.376"/>
</testsuite> <!-- com.todos.tests.AddToDOTest -->
